<?xml version="1.0" encoding="UTF-8"?>
<!-- Generated by org.testng.reporters.JUnitReportReporter -->
<testsuite hostname="DESKTOP-F18BMRG" name="qaf.example.tests.TC006_ContactUS" tests="1" failures="0" timestamp="10 Jun 2021 13:28:04 GMT" time="30.319" errors="0">
  <testcase name="testContactUs" time="30.319" classname="qaf.example.tests.TC006_ContactUS"/>
</testsuite> <!-- qaf.example.tests.TC006_ContactUS -->
