<?xml version="1.0" encoding="UTF-8"?>
<!-- Generated by org.testng.reporters.JUnitReportReporter -->
<testsuite hostname="DESKTOP-F18BMRG" name="qaf.example.tests.TC_001_RegisterAccountTest2" tests="1" failures="0" timestamp="10 Jun 2021 13:25:02 GMT" time="35.548" errors="0">
  <testcase name="testRegister" time="35.548" classname="qaf.example.tests.TC_001_RegisterAccountTest2"/>
</testsuite> <!-- qaf.example.tests.TC_001_RegisterAccountTest2 -->
