<?xml version="1.0" encoding="UTF-8"?>
<!-- Generated by org.testng.reporters.JUnitReportReporter -->
<testsuite hostname="DESKTOP-F18BMRG" name="qaf.example.tests.TC007_RemoveFromCart" tests="1" failures="0" timestamp="10 Jun 2021 13:29:37 GMT" time="81.551" errors="0">
  <testcase name="testRemoveFromCart" time="81.551" classname="qaf.example.tests.TC007_RemoveFromCart"/>
</testsuite> <!-- qaf.example.tests.TC007_RemoveFromCart -->
