<?xml version="1.0" encoding="UTF-8"?>
<!-- Generated by org.testng.reporters.JUnitReportReporter -->
<testsuite hostname="DESKTOP-F18BMRG" name="qaf.example.tests.TC002_AddingAddressTest" tests="1" failures="0" timestamp="10 Jun 2021 13:26:05 GMT" time="54.247" errors="0">
  <testcase name="testAddingAddress" time="54.247" classname="qaf.example.tests.TC002_AddingAddressTest"/>
</testsuite> <!-- qaf.example.tests.TC002_AddingAddressTest -->
